TN:
SF:src/note.ts
FN:24,(anonymous_6)
FN:35,(anonymous_7)
FN:47,(anonymous_8)
FN:76,(anonymous_9)
FN:95,(anonymous_10)
FN:114,(anonymous_11)
FN:120,(anonymous_12)
FN:139,(anonymous_13)
FN:160,(anonymous_14)
FNF:9
FNH:9
FNDA:1,(anonymous_6)
FNDA:2,(anonymous_7)
FNDA:3,(anonymous_8)
FNDA:2,(anonymous_9)
FNDA:3,(anonymous_10)
FNDA:2,(anonymous_11)
FNDA:1,(anonymous_12)
FNDA:2,(anonymous_13)
FNDA:3,(anonymous_14)
DA:1,1
DA:2,1
DA:8,1
DA:9,1
DA:14,1
DA:25,1
DA:26,0
DA:36,2
DA:37,1
DA:39,2
DA:48,3
DA:49,3
DA:50,3
DA:51,3
DA:52,2
DA:53,1
DA:54,1
DA:56,1
DA:57,1
DA:58,1
DA:61,1
DA:62,1
DA:63,1
DA:64,1
DA:66,3
DA:77,2
DA:78,2
DA:79,2
DA:80,2
DA:81,1
DA:82,1
DA:84,1
DA:85,1
DA:87,2
DA:96,3
DA:97,3
DA:98,3
DA:99,2
DA:100,2
DA:101,2
DA:103,1
DA:104,1
DA:106,3
DA:115,2
DA:116,2
DA:117,2
DA:118,1
DA:119,1
DA:120,1
DA:121,1
DA:122,1
DA:123,1
DA:124,1
DA:127,1
DA:128,1
DA:130,2
DA:140,2
DA:141,2
DA:142,2
DA:143,1
DA:144,1
DA:145,1
DA:146,1
DA:147,1
DA:149,1
DA:150,1
DA:152,2
DA:161,3
DA:162,3
DA:163,1
DA:164,1
DA:165,1
DA:166,0
DA:167,0
DA:168,0
DA:169,0
DA:170,2
DA:171,2
DA:172,0
DA:173,0
DA:175,3
LF:81
LH:74
BRDA:25,0,0,0
BRDA:25,0,1,1
BRDA:36,1,0,1
BRDA:36,1,1,1
BRDA:51,2,0,2
BRDA:51,2,1,1
BRDA:52,3,0,1
BRDA:52,3,1,1
BRDA:80,4,0,1
BRDA:80,4,1,1
BRDA:98,5,0,2
BRDA:98,5,1,1
BRDA:117,6,0,1
BRDA:117,6,1,1
BRDA:142,7,0,1
BRDA:142,7,1,1
BRDA:163,8,0,1
BRDA:163,8,1,0
BRDA:163,8,2,0
BRDA:163,8,3,2
BRDA:163,8,4,0
BRF:21
BRH:17
end_of_record
